<?xml version="1.0" encoding="UTF-8"?>
<!-- Generated by org.testng.reporters.JUnitReportReporter -->
<testsuite hostname="SIXNS341" failures="0" tests="1" name="testcases.CarTests" time="15.145" errors="0" timestamp="26 Nov 2020 09:11:58 GMT" skipped="0">
  <testcase classname="testcases.CarTests" name="CarE2E" time="15.145"/>
</testsuite> <!-- testcases.CarTests -->
